<?xml version="1.0" encoding="UTF-8"?><testsuite errors="0" failures="1" name="finaltest01.features.search.BookingStory" skipped="0" tests="1" time="154.59" timestamp="2020-06-06 10:21:24"><testcase classname="finaltest01.features.search.BookingStory" name="Search booking"><failure message="&#10;Expected: an element that is visible&#10;     but: no matching element found by xpath: //td[@data-date='2020-06-13']" type="java.lang.AssertionError">
Expected: an element that is visible
     but: no matching element found by xpath: //td[@data-date='2020-06-13']</failure><system-err>
Expected: an element that is visible
     but: no matching element found by xpath: //td[@data-date='2020-06-13']&#13;
finaltest01.actions.ChooseDate.performAs(ChooseDate.java:34)&#13;
finaltest01.features.search.BookingStory.search_booking(BookingStory.java:52)&#13;
</system-err></testcase></testsuite>